<?xml version="1.0" encoding="UTF-8"?>
<testng-results ignored="5" total="6" passed="1" failed="0" skipped="0">
  <reporter-output>
  </reporter-output>
  <suite started-at="2023-12-21T11:19:33 IST" name="Default suite" finished-at="2023-12-21T11:19:36 IST" duration-ms="2813">
    <groups>
    </groups>
    <test started-at="2023-12-21T11:19:33 IST" name="Default test" finished-at="2023-12-21T11:19:36 IST" duration-ms="2813">
      <class name="medicare.testassured.APIEndpoints">
        <test-method signature="deleteProduct()[pri:6, instance:medicare.testassured.APIEndpoints@2e005c4b]" started-at="2023-12-21T11:19:33 IST" name="deleteProduct" finished-at="2023-12-21T11:19:36 IST" duration-ms="2717" status="PASS">
          <reporter-output>
          </reporter-output>
        </test-method> <!-- deleteProduct -->
      </class> <!-- medicare.testassured.APIEndpoints -->
    </test> <!-- Default test -->
  </suite> <!-- Default suite -->
</testng-results>
