<?xml version="1.0" encoding="UTF-8"?>
<!-- Generated by org.testng.reporters.JUnitXMLReporter -->
<testsuite ignored="5" hostname="DESKTOP-3KOP925" failures="0" tests="1" name="Default test" time="2.813" errors="0" timestamp="2023-12-21T11:19:36 IST">
  <testcase classname="medicare.testassured.APIEndpoints" name="deleteProduct" time="2.717"/>
  <testcase classname="medicare.testassured.APIEndpoints" name="get_all_users" time="0.0">
    <ignored/>
  </testcase> <!-- get_all_users -->
  <testcase classname="medicare.testassured.APIEndpoints" name="update_ProductName" time="0.0">
    <ignored/>
  </testcase> <!-- update_ProductName -->
  <testcase classname="medicare.testassured.APIEndpoints" name="get_all_products" time="0.0">
    <ignored/>
  </testcase> <!-- get_all_products -->
  <testcase classname="medicare.testassured.APIEndpoints" name="add_Product" time="0.0">
    <ignored/>
  </testcase> <!-- add_Product -->
  <testcase classname="medicare.testassured.APIEndpoints" name="update_ProductStatus" time="0.0">
    <ignored/>
  </testcase> <!-- update_ProductStatus -->
</testsuite> <!-- Default test -->
