<?xml version="1.0" encoding="UTF-8"?>
<!-- Generated by org.testng.reporters.JUnitXMLReporter -->
<testsuite ignored="0" hostname="DESKTOP-3KOP925" failures="0" tests="3" name="Default test" time="5.249" errors="0" timestamp="2023-12-22T23:18:43 IST">
  <testcase classname="medicare.testpages.PlaceOrderPageTest" name="test_login" time="0.577"/>
  <testcase classname="medicare.testpages.PlaceOrderPageTest" name="cart" time="0.178"/>
  <testcase classname="medicare.testpages.PlaceOrderPageTest" name="PlaceOrder" time="0.137"/>
</testsuite> <!-- Default test -->
